Determining if the function EVP_aes_128_ctr exists failed with the following output:
Change Dir: /Users/Signal/Documents/github/p2p3/target/debug/build/libssh2-sys-5c335ae487a3a8b6/out/build/CMakeFiles/CMakeTmp

Run Build Command:"/usr/bin/make" "cmTC_cd9aa/fast"
/Library/Developer/CommandLineTools/usr/bin/make -f CMakeFiles/cmTC_cd9aa.dir/build.make CMakeFiles/cmTC_cd9aa.dir/build
Building C object CMakeFiles/cmTC_cd9aa.dir/CheckFunctionExists.c.o
/usr/bin/cc    -O0 -ffunction-sections -fdata-sections -m64 -fPIC -DCHECK_FUNCTION_EXISTS=EVP_aes_128_ctr   -o CMakeFiles/cmTC_cd9aa.dir/CheckFunctionExists.c.o   -c /usr/local/Cellar/cmake/3.4.0/share/cmake/Modules/CheckFunctionExists.c
Linking C executable cmTC_cd9aa
/usr/local/Cellar/cmake/3.4.0/bin/cmake -E cmake_link_script CMakeFiles/cmTC_cd9aa.dir/link.txt --verbose=1
/usr/bin/cc   -O0 -ffunction-sections -fdata-sections -m64 -fPIC -DCHECK_FUNCTION_EXISTS=EVP_aes_128_ctr -Wl,-search_paths_first -Wl,-headerpad_max_install_names   CMakeFiles/cmTC_cd9aa.dir/CheckFunctionExists.c.o  -o cmTC_cd9aa  /usr/lib/libssl.dylib /usr/lib/libcrypto.dylib 
Undefined symbols for architecture x86_64:
  "_EVP_aes_128_ctr", referenced from:
      _main in CheckFunctionExists.c.o
ld: symbol(s) not found for architecture x86_64
clang: error: linker command failed with exit code 1 (use -v to see invocation)
make[1]: *** [cmTC_cd9aa] Error 1
make: *** [cmTC_cd9aa/fast] Error 2


Determining if files windows.h exist failed with the following output:
Change Dir: /Users/Signal/Documents/github/p2p3/target/debug/build/libssh2-sys-5c335ae487a3a8b6/out/build/CMakeFiles/CMakeTmp

Run Build Command:"/usr/bin/make" "cmTC_86760/fast"
/Library/Developer/CommandLineTools/usr/bin/make -f CMakeFiles/cmTC_86760.dir/build.make CMakeFiles/cmTC_86760.dir/build
Building C object CMakeFiles/cmTC_86760.dir/CheckIncludeFiles.c.o
/usr/bin/cc    -O0 -ffunction-sections -fdata-sections -m64 -fPIC    -o CMakeFiles/cmTC_86760.dir/CheckIncludeFiles.c.o   -c /Users/Signal/Documents/github/p2p3/target/debug/build/libssh2-sys-5c335ae487a3a8b6/out/build/CMakeFiles/CMakeTmp/CheckIncludeFiles.c
/Users/Signal/Documents/github/p2p3/target/debug/build/libssh2-sys-5c335ae487a3a8b6/out/build/CMakeFiles/CMakeTmp/CheckIncludeFiles.c:2:10: fatal error: 'windows.h' file not found
#include <windows.h>
         ^
1 error generated.
make[1]: *** [CMakeFiles/cmTC_86760.dir/CheckIncludeFiles.c.o] Error 1
make: *** [cmTC_86760/fast] Error 2

Source:
/* */
#include <windows.h>


int main(void){return 0;}

Determining if files ws2tcpip.h exist failed with the following output:
Change Dir: /Users/Signal/Documents/github/p2p3/target/debug/build/libssh2-sys-5c335ae487a3a8b6/out/build/CMakeFiles/CMakeTmp

Run Build Command:"/usr/bin/make" "cmTC_da6b4/fast"
/Library/Developer/CommandLineTools/usr/bin/make -f CMakeFiles/cmTC_da6b4.dir/build.make CMakeFiles/cmTC_da6b4.dir/build
Building C object CMakeFiles/cmTC_da6b4.dir/CheckIncludeFiles.c.o
/usr/bin/cc    -O0 -ffunction-sections -fdata-sections -m64 -fPIC    -o CMakeFiles/cmTC_da6b4.dir/CheckIncludeFiles.c.o   -c /Users/Signal/Documents/github/p2p3/target/debug/build/libssh2-sys-5c335ae487a3a8b6/out/build/CMakeFiles/CMakeTmp/CheckIncludeFiles.c
/Users/Signal/Documents/github/p2p3/target/debug/build/libssh2-sys-5c335ae487a3a8b6/out/build/CMakeFiles/CMakeTmp/CheckIncludeFiles.c:2:10: fatal error: 'ws2tcpip.h' file not found
#include <ws2tcpip.h>
         ^
1 error generated.
make[1]: *** [CMakeFiles/cmTC_da6b4.dir/CheckIncludeFiles.c.o] Error 1
make: *** [cmTC_da6b4/fast] Error 2

Source:
/* */
#include <ws2tcpip.h>


int main(void){return 0;}

Determining if files winsock2.h exist failed with the following output:
Change Dir: /Users/Signal/Documents/github/p2p3/target/debug/build/libssh2-sys-5c335ae487a3a8b6/out/build/CMakeFiles/CMakeTmp

Run Build Command:"/usr/bin/make" "cmTC_260af/fast"
/Library/Developer/CommandLineTools/usr/bin/make -f CMakeFiles/cmTC_260af.dir/build.make CMakeFiles/cmTC_260af.dir/build
Building C object CMakeFiles/cmTC_260af.dir/CheckIncludeFiles.c.o
/usr/bin/cc    -O0 -ffunction-sections -fdata-sections -m64 -fPIC    -o CMakeFiles/cmTC_260af.dir/CheckIncludeFiles.c.o   -c /Users/Signal/Documents/github/p2p3/target/debug/build/libssh2-sys-5c335ae487a3a8b6/out/build/CMakeFiles/CMakeTmp/CheckIncludeFiles.c
/Users/Signal/Documents/github/p2p3/target/debug/build/libssh2-sys-5c335ae487a3a8b6/out/build/CMakeFiles/CMakeTmp/CheckIncludeFiles.c:2:10: fatal error: 'winsock2.h' file not found
#include <winsock2.h>
         ^
1 error generated.
make[1]: *** [CMakeFiles/cmTC_260af.dir/CheckIncludeFiles.c.o] Error 1
make: *** [cmTC_260af/fast] Error 2

Source:
/* */
#include <winsock2.h>


int main(void){return 0;}

