The system is: Darwin - 14.3.0 - x86_64
Compiling the C compiler identification source file "CMakeCCompilerId.c" succeeded.
Compiler: /usr/bin/cc 
Build flags: ;-O0;-ffunction-sections;-fdata-sections;-m64;-fPIC
Id flags: 

The output was:
0


Compilation of the C compiler identification source "CMakeCCompilerId.c" produced "a.out"

The C compiler identification is AppleClang, found in "/Users/Signal/Documents/github/p2p3/target/debug/build/libssh2-sys-5c335ae487a3a8b6/out/build/CMakeFiles/3.4.0/CompilerIdC/a.out"

Determining if the C compiler works passed with the following output:
Change Dir: /Users/Signal/Documents/github/p2p3/target/debug/build/libssh2-sys-5c335ae487a3a8b6/out/build/CMakeFiles/CMakeTmp

Run Build Command:"/usr/bin/make" "cmTC_88eb6/fast"
/Library/Developer/CommandLineTools/usr/bin/make -f CMakeFiles/cmTC_88eb6.dir/build.make CMakeFiles/cmTC_88eb6.dir/build
Building C object CMakeFiles/cmTC_88eb6.dir/testCCompiler.c.o
/usr/bin/cc    -O0 -ffunction-sections -fdata-sections -m64 -fPIC    -o CMakeFiles/cmTC_88eb6.dir/testCCompiler.c.o   -c /Users/Signal/Documents/github/p2p3/target/debug/build/libssh2-sys-5c335ae487a3a8b6/out/build/CMakeFiles/CMakeTmp/testCCompiler.c
Linking C executable cmTC_88eb6
/usr/local/Cellar/cmake/3.4.0/bin/cmake -E cmake_link_script CMakeFiles/cmTC_88eb6.dir/link.txt --verbose=1
/usr/bin/cc   -O0 -ffunction-sections -fdata-sections -m64 -fPIC  -Wl,-search_paths_first -Wl,-headerpad_max_install_names   CMakeFiles/cmTC_88eb6.dir/testCCompiler.c.o  -o cmTC_88eb6  


Detecting C compiler ABI info compiled with the following output:
Change Dir: /Users/Signal/Documents/github/p2p3/target/debug/build/libssh2-sys-5c335ae487a3a8b6/out/build/CMakeFiles/CMakeTmp

Run Build Command:"/usr/bin/make" "cmTC_597e4/fast"
/Library/Developer/CommandLineTools/usr/bin/make -f CMakeFiles/cmTC_597e4.dir/build.make CMakeFiles/cmTC_597e4.dir/build
Building C object CMakeFiles/cmTC_597e4.dir/CMakeCCompilerABI.c.o
/usr/bin/cc    -O0 -ffunction-sections -fdata-sections -m64 -fPIC    -o CMakeFiles/cmTC_597e4.dir/CMakeCCompilerABI.c.o   -c /usr/local/Cellar/cmake/3.4.0/share/cmake/Modules/CMakeCCompilerABI.c
Linking C executable cmTC_597e4
/usr/local/Cellar/cmake/3.4.0/bin/cmake -E cmake_link_script CMakeFiles/cmTC_597e4.dir/link.txt --verbose=1
/usr/bin/cc   -O0 -ffunction-sections -fdata-sections -m64 -fPIC  -Wl,-search_paths_first -Wl,-headerpad_max_install_names  -v -Wl,-v CMakeFiles/cmTC_597e4.dir/CMakeCCompilerABI.c.o  -o cmTC_597e4   
Apple LLVM version 7.0.2 (clang-700.1.81)
Target: x86_64-apple-darwin14.3.0
Thread model: posix
 "/Library/Developer/CommandLineTools/usr/bin/ld" -demangle -dynamic -arch x86_64 -macosx_version_min 10.10.0 -o cmTC_597e4 -search_paths_first -headerpad_max_install_names -v CMakeFiles/cmTC_597e4.dir/CMakeCCompilerABI.c.o -lSystem /Library/Developer/CommandLineTools/usr/bin/../lib/clang/7.0.2/lib/darwin/libclang_rt.osx.a
@(#)PROGRAM:ld  PROJECT:ld64-253.9
configured to support archs: armv6 armv7 armv7s arm64 i386 x86_64 x86_64h armv6m armv7k armv7m armv7em (tvOS)
Library search paths:
	/usr/lib
	/usr/local/lib
Framework search paths:
	/Library/Frameworks/
	/System/Library/Frameworks/


Parsed C implicit link information from above output:
  link line regex: [^( *|.*[/\])(ld|([^/\]+-)?ld|collect2)[^/\]*( |$)]
  ignore line: [Change Dir: /Users/Signal/Documents/github/p2p3/target/debug/build/libssh2-sys-5c335ae487a3a8b6/out/build/CMakeFiles/CMakeTmp]
  ignore line: []
  ignore line: [Run Build Command:"/usr/bin/make" "cmTC_597e4/fast"]
  ignore line: [/Library/Developer/CommandLineTools/usr/bin/make -f CMakeFiles/cmTC_597e4.dir/build.make CMakeFiles/cmTC_597e4.dir/build]
  ignore line: [Building C object CMakeFiles/cmTC_597e4.dir/CMakeCCompilerABI.c.o]
  ignore line: [/usr/bin/cc    -O0 -ffunction-sections -fdata-sections -m64 -fPIC    -o CMakeFiles/cmTC_597e4.dir/CMakeCCompilerABI.c.o   -c /usr/local/Cellar/cmake/3.4.0/share/cmake/Modules/CMakeCCompilerABI.c]
  ignore line: [Linking C executable cmTC_597e4]
  ignore line: [/usr/local/Cellar/cmake/3.4.0/bin/cmake -E cmake_link_script CMakeFiles/cmTC_597e4.dir/link.txt --verbose=1]
  ignore line: [/usr/bin/cc   -O0 -ffunction-sections -fdata-sections -m64 -fPIC  -Wl,-search_paths_first -Wl,-headerpad_max_install_names  -v -Wl,-v CMakeFiles/cmTC_597e4.dir/CMakeCCompilerABI.c.o  -o cmTC_597e4   ]
  ignore line: [Apple LLVM version 7.0.2 (clang-700.1.81)]
  ignore line: [Target: x86_64-apple-darwin14.3.0]
  ignore line: [Thread model: posix]
  link line: [ "/Library/Developer/CommandLineTools/usr/bin/ld" -demangle -dynamic -arch x86_64 -macosx_version_min 10.10.0 -o cmTC_597e4 -search_paths_first -headerpad_max_install_names -v CMakeFiles/cmTC_597e4.dir/CMakeCCompilerABI.c.o -lSystem /Library/Developer/CommandLineTools/usr/bin/../lib/clang/7.0.2/lib/darwin/libclang_rt.osx.a]
    arg [/Library/Developer/CommandLineTools/usr/bin/ld] ==> ignore
    arg [-demangle] ==> ignore
    arg [-dynamic] ==> ignore
    arg [-arch] ==> ignore
    arg [x86_64] ==> ignore
    arg [-macosx_version_min] ==> ignore
    arg [10.10.0] ==> ignore
    arg [-o] ==> ignore
    arg [cmTC_597e4] ==> ignore
    arg [-search_paths_first] ==> ignore
    arg [-headerpad_max_install_names] ==> ignore
    arg [-v] ==> ignore
    arg [CMakeFiles/cmTC_597e4.dir/CMakeCCompilerABI.c.o] ==> ignore
    arg [-lSystem] ==> lib [System]
    arg [/Library/Developer/CommandLineTools/usr/bin/../lib/clang/7.0.2/lib/darwin/libclang_rt.osx.a] ==> lib [/Library/Developer/CommandLineTools/usr/bin/../lib/clang/7.0.2/lib/darwin/libclang_rt.osx.a]
  Library search paths: [;/usr/lib;/usr/local/lib]
  Framework search paths: [;/Library/Frameworks/;/System/Library/Frameworks/]
  remove lib [System]
  collapse lib [/Library/Developer/CommandLineTools/usr/bin/../lib/clang/7.0.2/lib/darwin/libclang_rt.osx.a] ==> [/Library/Developer/CommandLineTools/usr/lib/clang/7.0.2/lib/darwin/libclang_rt.osx.a]
  collapse library dir [/usr/lib] ==> [/usr/lib]
  collapse library dir [/usr/local/lib] ==> [/usr/local/lib]
  collapse framework dir [/Library/Frameworks/] ==> [/Library/Frameworks]
  collapse framework dir [/System/Library/Frameworks/] ==> [/System/Library/Frameworks]
  implicit libs: [/Library/Developer/CommandLineTools/usr/lib/clang/7.0.2/lib/darwin/libclang_rt.osx.a]
  implicit dirs: [/usr/lib;/usr/local/lib]
  implicit fwks: [/Library/Frameworks;/System/Library/Frameworks]




Detecting C [-std=c11] compiler features compiled with the following output:
Change Dir: /Users/Signal/Documents/github/p2p3/target/debug/build/libssh2-sys-5c335ae487a3a8b6/out/build/CMakeFiles/CMakeTmp

Run Build Command:"/usr/bin/make" "cmTC_2a8a8/fast"
/Library/Developer/CommandLineTools/usr/bin/make -f CMakeFiles/cmTC_2a8a8.dir/build.make CMakeFiles/cmTC_2a8a8.dir/build
Building C object CMakeFiles/cmTC_2a8a8.dir/feature_tests.c.o
/usr/bin/cc    -O0 -ffunction-sections -fdata-sections -m64 -fPIC    -std=c11 -o CMakeFiles/cmTC_2a8a8.dir/feature_tests.c.o   -c /Users/Signal/Documents/github/p2p3/target/debug/build/libssh2-sys-5c335ae487a3a8b6/out/build/CMakeFiles/feature_tests.c
Linking C executable cmTC_2a8a8
/usr/local/Cellar/cmake/3.4.0/bin/cmake -E cmake_link_script CMakeFiles/cmTC_2a8a8.dir/link.txt --verbose=1
/usr/bin/cc   -O0 -ffunction-sections -fdata-sections -m64 -fPIC  -Wl,-search_paths_first -Wl,-headerpad_max_install_names   CMakeFiles/cmTC_2a8a8.dir/feature_tests.c.o  -o cmTC_2a8a8  


    Feature record: C_FEATURE:1c_function_prototypes
    Feature record: C_FEATURE:1c_restrict
    Feature record: C_FEATURE:1c_static_assert
    Feature record: C_FEATURE:1c_variadic_macros


Detecting C [-std=c99] compiler features compiled with the following output:
Change Dir: /Users/Signal/Documents/github/p2p3/target/debug/build/libssh2-sys-5c335ae487a3a8b6/out/build/CMakeFiles/CMakeTmp

Run Build Command:"/usr/bin/make" "cmTC_0fbcd/fast"
/Library/Developer/CommandLineTools/usr/bin/make -f CMakeFiles/cmTC_0fbcd.dir/build.make CMakeFiles/cmTC_0fbcd.dir/build
Building C object CMakeFiles/cmTC_0fbcd.dir/feature_tests.c.o
/usr/bin/cc    -O0 -ffunction-sections -fdata-sections -m64 -fPIC    -std=c99 -o CMakeFiles/cmTC_0fbcd.dir/feature_tests.c.o   -c /Users/Signal/Documents/github/p2p3/target/debug/build/libssh2-sys-5c335ae487a3a8b6/out/build/CMakeFiles/feature_tests.c
Linking C executable cmTC_0fbcd
/usr/local/Cellar/cmake/3.4.0/bin/cmake -E cmake_link_script CMakeFiles/cmTC_0fbcd.dir/link.txt --verbose=1
/usr/bin/cc   -O0 -ffunction-sections -fdata-sections -m64 -fPIC  -Wl,-search_paths_first -Wl,-headerpad_max_install_names   CMakeFiles/cmTC_0fbcd.dir/feature_tests.c.o  -o cmTC_0fbcd  


    Feature record: C_FEATURE:1c_function_prototypes
    Feature record: C_FEATURE:1c_restrict
    Feature record: C_FEATURE:0c_static_assert
    Feature record: C_FEATURE:1c_variadic_macros


Detecting C [-std=c90] compiler features compiled with the following output:
Change Dir: /Users/Signal/Documents/github/p2p3/target/debug/build/libssh2-sys-5c335ae487a3a8b6/out/build/CMakeFiles/CMakeTmp

Run Build Command:"/usr/bin/make" "cmTC_124fc/fast"
/Library/Developer/CommandLineTools/usr/bin/make -f CMakeFiles/cmTC_124fc.dir/build.make CMakeFiles/cmTC_124fc.dir/build
Building C object CMakeFiles/cmTC_124fc.dir/feature_tests.c.o
/usr/bin/cc    -O0 -ffunction-sections -fdata-sections -m64 -fPIC    -std=c90 -o CMakeFiles/cmTC_124fc.dir/feature_tests.c.o   -c /Users/Signal/Documents/github/p2p3/target/debug/build/libssh2-sys-5c335ae487a3a8b6/out/build/CMakeFiles/feature_tests.c
Linking C executable cmTC_124fc
/usr/local/Cellar/cmake/3.4.0/bin/cmake -E cmake_link_script CMakeFiles/cmTC_124fc.dir/link.txt --verbose=1
/usr/bin/cc   -O0 -ffunction-sections -fdata-sections -m64 -fPIC  -Wl,-search_paths_first -Wl,-headerpad_max_install_names   CMakeFiles/cmTC_124fc.dir/feature_tests.c.o  -o cmTC_124fc  


    Feature record: C_FEATURE:1c_function_prototypes
    Feature record: C_FEATURE:0c_restrict
    Feature record: C_FEATURE:0c_static_assert
    Feature record: C_FEATURE:0c_variadic_macros
Determining if files unistd.h exist passed with the following output:
Change Dir: /Users/Signal/Documents/github/p2p3/target/debug/build/libssh2-sys-5c335ae487a3a8b6/out/build/CMakeFiles/CMakeTmp

Run Build Command:"/usr/bin/make" "cmTC_fad66/fast"
/Library/Developer/CommandLineTools/usr/bin/make -f CMakeFiles/cmTC_fad66.dir/build.make CMakeFiles/cmTC_fad66.dir/build
Building C object CMakeFiles/cmTC_fad66.dir/CheckIncludeFiles.c.o
/usr/bin/cc    -O0 -ffunction-sections -fdata-sections -m64 -fPIC    -o CMakeFiles/cmTC_fad66.dir/CheckIncludeFiles.c.o   -c /Users/Signal/Documents/github/p2p3/target/debug/build/libssh2-sys-5c335ae487a3a8b6/out/build/CMakeFiles/CMakeTmp/CheckIncludeFiles.c
Linking C executable cmTC_fad66
/usr/local/Cellar/cmake/3.4.0/bin/cmake -E cmake_link_script CMakeFiles/cmTC_fad66.dir/link.txt --verbose=1
/usr/bin/cc   -O0 -ffunction-sections -fdata-sections -m64 -fPIC  -Wl,-search_paths_first -Wl,-headerpad_max_install_names   CMakeFiles/cmTC_fad66.dir/CheckIncludeFiles.c.o  -o cmTC_fad66  


Determining if files inttypes.h exist passed with the following output:
Change Dir: /Users/Signal/Documents/github/p2p3/target/debug/build/libssh2-sys-5c335ae487a3a8b6/out/build/CMakeFiles/CMakeTmp

Run Build Command:"/usr/bin/make" "cmTC_1e78d/fast"
/Library/Developer/CommandLineTools/usr/bin/make -f CMakeFiles/cmTC_1e78d.dir/build.make CMakeFiles/cmTC_1e78d.dir/build
Building C object CMakeFiles/cmTC_1e78d.dir/CheckIncludeFiles.c.o
/usr/bin/cc    -O0 -ffunction-sections -fdata-sections -m64 -fPIC    -o CMakeFiles/cmTC_1e78d.dir/CheckIncludeFiles.c.o   -c /Users/Signal/Documents/github/p2p3/target/debug/build/libssh2-sys-5c335ae487a3a8b6/out/build/CMakeFiles/CMakeTmp/CheckIncludeFiles.c
Linking C executable cmTC_1e78d
/usr/local/Cellar/cmake/3.4.0/bin/cmake -E cmake_link_script CMakeFiles/cmTC_1e78d.dir/link.txt --verbose=1
/usr/bin/cc   -O0 -ffunction-sections -fdata-sections -m64 -fPIC  -Wl,-search_paths_first -Wl,-headerpad_max_install_names   CMakeFiles/cmTC_1e78d.dir/CheckIncludeFiles.c.o  -o cmTC_1e78d  


Determining if files stdlib.h exist passed with the following output:
Change Dir: /Users/Signal/Documents/github/p2p3/target/debug/build/libssh2-sys-5c335ae487a3a8b6/out/build/CMakeFiles/CMakeTmp

Run Build Command:"/usr/bin/make" "cmTC_841fd/fast"
/Library/Developer/CommandLineTools/usr/bin/make -f CMakeFiles/cmTC_841fd.dir/build.make CMakeFiles/cmTC_841fd.dir/build
Building C object CMakeFiles/cmTC_841fd.dir/CheckIncludeFiles.c.o
/usr/bin/cc    -O0 -ffunction-sections -fdata-sections -m64 -fPIC    -o CMakeFiles/cmTC_841fd.dir/CheckIncludeFiles.c.o   -c /Users/Signal/Documents/github/p2p3/target/debug/build/libssh2-sys-5c335ae487a3a8b6/out/build/CMakeFiles/CMakeTmp/CheckIncludeFiles.c
Linking C executable cmTC_841fd
/usr/local/Cellar/cmake/3.4.0/bin/cmake -E cmake_link_script CMakeFiles/cmTC_841fd.dir/link.txt --verbose=1
/usr/bin/cc   -O0 -ffunction-sections -fdata-sections -m64 -fPIC  -Wl,-search_paths_first -Wl,-headerpad_max_install_names   CMakeFiles/cmTC_841fd.dir/CheckIncludeFiles.c.o  -o cmTC_841fd  


Determining if files sys/select.h exist passed with the following output:
Change Dir: /Users/Signal/Documents/github/p2p3/target/debug/build/libssh2-sys-5c335ae487a3a8b6/out/build/CMakeFiles/CMakeTmp

Run Build Command:"/usr/bin/make" "cmTC_c5cb6/fast"
/Library/Developer/CommandLineTools/usr/bin/make -f CMakeFiles/cmTC_c5cb6.dir/build.make CMakeFiles/cmTC_c5cb6.dir/build
Building C object CMakeFiles/cmTC_c5cb6.dir/CheckIncludeFiles.c.o
/usr/bin/cc    -O0 -ffunction-sections -fdata-sections -m64 -fPIC    -o CMakeFiles/cmTC_c5cb6.dir/CheckIncludeFiles.c.o   -c /Users/Signal/Documents/github/p2p3/target/debug/build/libssh2-sys-5c335ae487a3a8b6/out/build/CMakeFiles/CMakeTmp/CheckIncludeFiles.c
Linking C executable cmTC_c5cb6
/usr/local/Cellar/cmake/3.4.0/bin/cmake -E cmake_link_script CMakeFiles/cmTC_c5cb6.dir/link.txt --verbose=1
/usr/bin/cc   -O0 -ffunction-sections -fdata-sections -m64 -fPIC  -Wl,-search_paths_first -Wl,-headerpad_max_install_names   CMakeFiles/cmTC_c5cb6.dir/CheckIncludeFiles.c.o  -o cmTC_c5cb6  


Determining if files sys/uio.h exist passed with the following output:
Change Dir: /Users/Signal/Documents/github/p2p3/target/debug/build/libssh2-sys-5c335ae487a3a8b6/out/build/CMakeFiles/CMakeTmp

Run Build Command:"/usr/bin/make" "cmTC_f286f/fast"
/Library/Developer/CommandLineTools/usr/bin/make -f CMakeFiles/cmTC_f286f.dir/build.make CMakeFiles/cmTC_f286f.dir/build
Building C object CMakeFiles/cmTC_f286f.dir/CheckIncludeFiles.c.o
/usr/bin/cc    -O0 -ffunction-sections -fdata-sections -m64 -fPIC    -o CMakeFiles/cmTC_f286f.dir/CheckIncludeFiles.c.o   -c /Users/Signal/Documents/github/p2p3/target/debug/build/libssh2-sys-5c335ae487a3a8b6/out/build/CMakeFiles/CMakeTmp/CheckIncludeFiles.c
Linking C executable cmTC_f286f
/usr/local/Cellar/cmake/3.4.0/bin/cmake -E cmake_link_script CMakeFiles/cmTC_f286f.dir/link.txt --verbose=1
/usr/bin/cc   -O0 -ffunction-sections -fdata-sections -m64 -fPIC  -Wl,-search_paths_first -Wl,-headerpad_max_install_names   CMakeFiles/cmTC_f286f.dir/CheckIncludeFiles.c.o  -o cmTC_f286f  


Determining if files sys/socket.h exist passed with the following output:
Change Dir: /Users/Signal/Documents/github/p2p3/target/debug/build/libssh2-sys-5c335ae487a3a8b6/out/build/CMakeFiles/CMakeTmp

Run Build Command:"/usr/bin/make" "cmTC_a1f0a/fast"
/Library/Developer/CommandLineTools/usr/bin/make -f CMakeFiles/cmTC_a1f0a.dir/build.make CMakeFiles/cmTC_a1f0a.dir/build
Building C object CMakeFiles/cmTC_a1f0a.dir/CheckIncludeFiles.c.o
/usr/bin/cc    -O0 -ffunction-sections -fdata-sections -m64 -fPIC    -o CMakeFiles/cmTC_a1f0a.dir/CheckIncludeFiles.c.o   -c /Users/Signal/Documents/github/p2p3/target/debug/build/libssh2-sys-5c335ae487a3a8b6/out/build/CMakeFiles/CMakeTmp/CheckIncludeFiles.c
Linking C executable cmTC_a1f0a
/usr/local/Cellar/cmake/3.4.0/bin/cmake -E cmake_link_script CMakeFiles/cmTC_a1f0a.dir/link.txt --verbose=1
/usr/bin/cc   -O0 -ffunction-sections -fdata-sections -m64 -fPIC  -Wl,-search_paths_first -Wl,-headerpad_max_install_names   CMakeFiles/cmTC_a1f0a.dir/CheckIncludeFiles.c.o  -o cmTC_a1f0a  


Determining if files sys/ioctl.h exist passed with the following output:
Change Dir: /Users/Signal/Documents/github/p2p3/target/debug/build/libssh2-sys-5c335ae487a3a8b6/out/build/CMakeFiles/CMakeTmp

Run Build Command:"/usr/bin/make" "cmTC_91db8/fast"
/Library/Developer/CommandLineTools/usr/bin/make -f CMakeFiles/cmTC_91db8.dir/build.make CMakeFiles/cmTC_91db8.dir/build
Building C object CMakeFiles/cmTC_91db8.dir/CheckIncludeFiles.c.o
/usr/bin/cc    -O0 -ffunction-sections -fdata-sections -m64 -fPIC    -o CMakeFiles/cmTC_91db8.dir/CheckIncludeFiles.c.o   -c /Users/Signal/Documents/github/p2p3/target/debug/build/libssh2-sys-5c335ae487a3a8b6/out/build/CMakeFiles/CMakeTmp/CheckIncludeFiles.c
Linking C executable cmTC_91db8
/usr/local/Cellar/cmake/3.4.0/bin/cmake -E cmake_link_script CMakeFiles/cmTC_91db8.dir/link.txt --verbose=1
/usr/bin/cc   -O0 -ffunction-sections -fdata-sections -m64 -fPIC  -Wl,-search_paths_first -Wl,-headerpad_max_install_names   CMakeFiles/cmTC_91db8.dir/CheckIncludeFiles.c.o  -o cmTC_91db8  


Determining if files sys/time.h exist passed with the following output:
Change Dir: /Users/Signal/Documents/github/p2p3/target/debug/build/libssh2-sys-5c335ae487a3a8b6/out/build/CMakeFiles/CMakeTmp

Run Build Command:"/usr/bin/make" "cmTC_72aeb/fast"
/Library/Developer/CommandLineTools/usr/bin/make -f CMakeFiles/cmTC_72aeb.dir/build.make CMakeFiles/cmTC_72aeb.dir/build
Building C object CMakeFiles/cmTC_72aeb.dir/CheckIncludeFiles.c.o
/usr/bin/cc    -O0 -ffunction-sections -fdata-sections -m64 -fPIC    -o CMakeFiles/cmTC_72aeb.dir/CheckIncludeFiles.c.o   -c /Users/Signal/Documents/github/p2p3/target/debug/build/libssh2-sys-5c335ae487a3a8b6/out/build/CMakeFiles/CMakeTmp/CheckIncludeFiles.c
Linking C executable cmTC_72aeb
/usr/local/Cellar/cmake/3.4.0/bin/cmake -E cmake_link_script CMakeFiles/cmTC_72aeb.dir/link.txt --verbose=1
/usr/bin/cc   -O0 -ffunction-sections -fdata-sections -m64 -fPIC  -Wl,-search_paths_first -Wl,-headerpad_max_install_names   CMakeFiles/cmTC_72aeb.dir/CheckIncludeFiles.c.o  -o cmTC_72aeb  


Determining if files sys/un.h exist passed with the following output:
Change Dir: /Users/Signal/Documents/github/p2p3/target/debug/build/libssh2-sys-5c335ae487a3a8b6/out/build/CMakeFiles/CMakeTmp

Run Build Command:"/usr/bin/make" "cmTC_1a1cf/fast"
/Library/Developer/CommandLineTools/usr/bin/make -f CMakeFiles/cmTC_1a1cf.dir/build.make CMakeFiles/cmTC_1a1cf.dir/build
Building C object CMakeFiles/cmTC_1a1cf.dir/CheckIncludeFiles.c.o
/usr/bin/cc    -O0 -ffunction-sections -fdata-sections -m64 -fPIC    -o CMakeFiles/cmTC_1a1cf.dir/CheckIncludeFiles.c.o   -c /Users/Signal/Documents/github/p2p3/target/debug/build/libssh2-sys-5c335ae487a3a8b6/out/build/CMakeFiles/CMakeTmp/CheckIncludeFiles.c
Linking C executable cmTC_1a1cf
/usr/local/Cellar/cmake/3.4.0/bin/cmake -E cmake_link_script CMakeFiles/cmTC_1a1cf.dir/link.txt --verbose=1
/usr/bin/cc   -O0 -ffunction-sections -fdata-sections -m64 -fPIC  -Wl,-search_paths_first -Wl,-headerpad_max_install_names   CMakeFiles/cmTC_1a1cf.dir/CheckIncludeFiles.c.o  -o cmTC_1a1cf  


Determining if the include file sys/types.h exists passed with the following output:
Change Dir: /Users/Signal/Documents/github/p2p3/target/debug/build/libssh2-sys-5c335ae487a3a8b6/out/build/CMakeFiles/CMakeTmp

Run Build Command:"/usr/bin/make" "cmTC_80d9f/fast"
/Library/Developer/CommandLineTools/usr/bin/make -f CMakeFiles/cmTC_80d9f.dir/build.make CMakeFiles/cmTC_80d9f.dir/build
Building C object CMakeFiles/cmTC_80d9f.dir/CheckIncludeFile.c.o
/usr/bin/cc    -O0 -ffunction-sections -fdata-sections -m64 -fPIC    -o CMakeFiles/cmTC_80d9f.dir/CheckIncludeFile.c.o   -c /Users/Signal/Documents/github/p2p3/target/debug/build/libssh2-sys-5c335ae487a3a8b6/out/build/CMakeFiles/CMakeTmp/CheckIncludeFile.c
Linking C executable cmTC_80d9f
/usr/local/Cellar/cmake/3.4.0/bin/cmake -E cmake_link_script CMakeFiles/cmTC_80d9f.dir/link.txt --verbose=1
/usr/bin/cc   -O0 -ffunction-sections -fdata-sections -m64 -fPIC  -Wl,-search_paths_first -Wl,-headerpad_max_install_names   CMakeFiles/cmTC_80d9f.dir/CheckIncludeFile.c.o  -o cmTC_80d9f  


Determining if the include file stdint.h exists passed with the following output:
Change Dir: /Users/Signal/Documents/github/p2p3/target/debug/build/libssh2-sys-5c335ae487a3a8b6/out/build/CMakeFiles/CMakeTmp

Run Build Command:"/usr/bin/make" "cmTC_b54e6/fast"
/Library/Developer/CommandLineTools/usr/bin/make -f CMakeFiles/cmTC_b54e6.dir/build.make CMakeFiles/cmTC_b54e6.dir/build
Building C object CMakeFiles/cmTC_b54e6.dir/CheckIncludeFile.c.o
/usr/bin/cc    -O0 -ffunction-sections -fdata-sections -m64 -fPIC    -o CMakeFiles/cmTC_b54e6.dir/CheckIncludeFile.c.o   -c /Users/Signal/Documents/github/p2p3/target/debug/build/libssh2-sys-5c335ae487a3a8b6/out/build/CMakeFiles/CMakeTmp/CheckIncludeFile.c
Linking C executable cmTC_b54e6
/usr/local/Cellar/cmake/3.4.0/bin/cmake -E cmake_link_script CMakeFiles/cmTC_b54e6.dir/link.txt --verbose=1
/usr/bin/cc   -O0 -ffunction-sections -fdata-sections -m64 -fPIC  -Wl,-search_paths_first -Wl,-headerpad_max_install_names   CMakeFiles/cmTC_b54e6.dir/CheckIncludeFile.c.o  -o cmTC_b54e6  


Determining if the include file stddef.h exists passed with the following output:
Change Dir: /Users/Signal/Documents/github/p2p3/target/debug/build/libssh2-sys-5c335ae487a3a8b6/out/build/CMakeFiles/CMakeTmp

Run Build Command:"/usr/bin/make" "cmTC_e3c44/fast"
/Library/Developer/CommandLineTools/usr/bin/make -f CMakeFiles/cmTC_e3c44.dir/build.make CMakeFiles/cmTC_e3c44.dir/build
Building C object CMakeFiles/cmTC_e3c44.dir/CheckIncludeFile.c.o
/usr/bin/cc    -O0 -ffunction-sections -fdata-sections -m64 -fPIC    -o CMakeFiles/cmTC_e3c44.dir/CheckIncludeFile.c.o   -c /Users/Signal/Documents/github/p2p3/target/debug/build/libssh2-sys-5c335ae487a3a8b6/out/build/CMakeFiles/CMakeTmp/CheckIncludeFile.c
Linking C executable cmTC_e3c44
/usr/local/Cellar/cmake/3.4.0/bin/cmake -E cmake_link_script CMakeFiles/cmTC_e3c44.dir/link.txt --verbose=1
/usr/bin/cc   -O0 -ffunction-sections -fdata-sections -m64 -fPIC  -Wl,-search_paths_first -Wl,-headerpad_max_install_names   CMakeFiles/cmTC_e3c44.dir/CheckIncludeFile.c.o  -o cmTC_e3c44  


Determining size of long long passed with the following output:
Change Dir: /Users/Signal/Documents/github/p2p3/target/debug/build/libssh2-sys-5c335ae487a3a8b6/out/build/CMakeFiles/CMakeTmp

Run Build Command:"/usr/bin/make" "cmTC_d3e53/fast"
/Library/Developer/CommandLineTools/usr/bin/make -f CMakeFiles/cmTC_d3e53.dir/build.make CMakeFiles/cmTC_d3e53.dir/build
Building C object CMakeFiles/cmTC_d3e53.dir/LONGLONG.c.o
/usr/bin/cc    -O0 -ffunction-sections -fdata-sections -m64 -fPIC    -o CMakeFiles/cmTC_d3e53.dir/LONGLONG.c.o   -c /Users/Signal/Documents/github/p2p3/target/debug/build/libssh2-sys-5c335ae487a3a8b6/out/build/CMakeFiles/CheckTypeSize/LONGLONG.c
Linking C executable cmTC_d3e53
/usr/local/Cellar/cmake/3.4.0/bin/cmake -E cmake_link_script CMakeFiles/cmTC_d3e53.dir/link.txt --verbose=1
/usr/bin/cc   -O0 -ffunction-sections -fdata-sections -m64 -fPIC  -Wl,-search_paths_first -Wl,-headerpad_max_install_names   CMakeFiles/cmTC_d3e53.dir/LONGLONG.c.o  -o cmTC_d3e53  


Determining if the gettimeofday exist passed with the following output:
Change Dir: /Users/Signal/Documents/github/p2p3/target/debug/build/libssh2-sys-5c335ae487a3a8b6/out/build/CMakeFiles/CMakeTmp

Run Build Command:"/usr/bin/make" "cmTC_87b7e/fast"
/Library/Developer/CommandLineTools/usr/bin/make -f CMakeFiles/cmTC_87b7e.dir/build.make CMakeFiles/cmTC_87b7e.dir/build
Building C object CMakeFiles/cmTC_87b7e.dir/CheckSymbolExists.c.o
/usr/bin/cc    -O0 -ffunction-sections -fdata-sections -m64 -fPIC    -o CMakeFiles/cmTC_87b7e.dir/CheckSymbolExists.c.o   -c /Users/Signal/Documents/github/p2p3/target/debug/build/libssh2-sys-5c335ae487a3a8b6/out/build/CMakeFiles/CMakeTmp/CheckSymbolExists.c
Linking C executable cmTC_87b7e
/usr/local/Cellar/cmake/3.4.0/bin/cmake -E cmake_link_script CMakeFiles/cmTC_87b7e.dir/link.txt --verbose=1
/usr/bin/cc   -O0 -ffunction-sections -fdata-sections -m64 -fPIC  -Wl,-search_paths_first -Wl,-headerpad_max_install_names   CMakeFiles/cmTC_87b7e.dir/CheckSymbolExists.c.o  -o cmTC_87b7e  

File /Users/Signal/Documents/github/p2p3/target/debug/build/libssh2-sys-5c335ae487a3a8b6/out/build/CMakeFiles/CMakeTmp/CheckSymbolExists.c:
/* */
#include <sys/time.h>

int main(int argc, char** argv)
{
  (void)argv;
#ifndef gettimeofday
  return ((int*)(&gettimeofday))[argc];
#else
  (void)argc;
  return 0;
#endif
}

Determining if the strtoll exist passed with the following output:
Change Dir: /Users/Signal/Documents/github/p2p3/target/debug/build/libssh2-sys-5c335ae487a3a8b6/out/build/CMakeFiles/CMakeTmp

Run Build Command:"/usr/bin/make" "cmTC_306e1/fast"
/Library/Developer/CommandLineTools/usr/bin/make -f CMakeFiles/cmTC_306e1.dir/build.make CMakeFiles/cmTC_306e1.dir/build
Building C object CMakeFiles/cmTC_306e1.dir/CheckSymbolExists.c.o
/usr/bin/cc    -O0 -ffunction-sections -fdata-sections -m64 -fPIC    -o CMakeFiles/cmTC_306e1.dir/CheckSymbolExists.c.o   -c /Users/Signal/Documents/github/p2p3/target/debug/build/libssh2-sys-5c335ae487a3a8b6/out/build/CMakeFiles/CMakeTmp/CheckSymbolExists.c
Linking C executable cmTC_306e1
/usr/local/Cellar/cmake/3.4.0/bin/cmake -E cmake_link_script CMakeFiles/cmTC_306e1.dir/link.txt --verbose=1
/usr/bin/cc   -O0 -ffunction-sections -fdata-sections -m64 -fPIC  -Wl,-search_paths_first -Wl,-headerpad_max_install_names   CMakeFiles/cmTC_306e1.dir/CheckSymbolExists.c.o  -o cmTC_306e1  

File /Users/Signal/Documents/github/p2p3/target/debug/build/libssh2-sys-5c335ae487a3a8b6/out/build/CMakeFiles/CMakeTmp/CheckSymbolExists.c:
/* */
#include <stdlib.h>

int main(int argc, char** argv)
{
  (void)argv;
#ifndef strtoll
  return ((int*)(&strtoll))[argc];
#else
  (void)argc;
  return 0;
#endif
}

Determining if the snprintf exist passed with the following output:
Change Dir: /Users/Signal/Documents/github/p2p3/target/debug/build/libssh2-sys-5c335ae487a3a8b6/out/build/CMakeFiles/CMakeTmp

Run Build Command:"/usr/bin/make" "cmTC_03ebe/fast"
/Library/Developer/CommandLineTools/usr/bin/make -f CMakeFiles/cmTC_03ebe.dir/build.make CMakeFiles/cmTC_03ebe.dir/build
Building C object CMakeFiles/cmTC_03ebe.dir/CheckSymbolExists.c.o
/usr/bin/cc    -O0 -ffunction-sections -fdata-sections -m64 -fPIC    -o CMakeFiles/cmTC_03ebe.dir/CheckSymbolExists.c.o   -c /Users/Signal/Documents/github/p2p3/target/debug/build/libssh2-sys-5c335ae487a3a8b6/out/build/CMakeFiles/CMakeTmp/CheckSymbolExists.c
Linking C executable cmTC_03ebe
/usr/local/Cellar/cmake/3.4.0/bin/cmake -E cmake_link_script CMakeFiles/cmTC_03ebe.dir/link.txt --verbose=1
/usr/bin/cc   -O0 -ffunction-sections -fdata-sections -m64 -fPIC  -Wl,-search_paths_first -Wl,-headerpad_max_install_names   CMakeFiles/cmTC_03ebe.dir/CheckSymbolExists.c.o  -o cmTC_03ebe  

File /Users/Signal/Documents/github/p2p3/target/debug/build/libssh2-sys-5c335ae487a3a8b6/out/build/CMakeFiles/CMakeTmp/CheckSymbolExists.c:
/* */
#include <stdio.h>

int main(int argc, char** argv)
{
  (void)argv;
#ifndef snprintf
  return ((int*)(&snprintf))[argc];
#else
  (void)argc;
  return 0;
#endif
}

Determining if the function socket exists passed with the following output:
Change Dir: /Users/Signal/Documents/github/p2p3/target/debug/build/libssh2-sys-5c335ae487a3a8b6/out/build/CMakeFiles/CMakeTmp

Run Build Command:"/usr/bin/make" "cmTC_67b30/fast"
/Library/Developer/CommandLineTools/usr/bin/make -f CMakeFiles/cmTC_67b30.dir/build.make CMakeFiles/cmTC_67b30.dir/build
Building C object CMakeFiles/cmTC_67b30.dir/CheckFunctionExists.c.o
/usr/bin/cc    -O0 -ffunction-sections -fdata-sections -m64 -fPIC -DCHECK_FUNCTION_EXISTS=socket   -o CMakeFiles/cmTC_67b30.dir/CheckFunctionExists.c.o   -c /usr/local/Cellar/cmake/3.4.0/share/cmake/Modules/CheckFunctionExists.c
Linking C executable cmTC_67b30
/usr/local/Cellar/cmake/3.4.0/bin/cmake -E cmake_link_script CMakeFiles/cmTC_67b30.dir/link.txt --verbose=1
/usr/bin/cc   -O0 -ffunction-sections -fdata-sections -m64 -fPIC -DCHECK_FUNCTION_EXISTS=socket -Wl,-search_paths_first -Wl,-headerpad_max_install_names   CMakeFiles/cmTC_67b30.dir/CheckFunctionExists.c.o  -o cmTC_67b30  


Determining if the function select exists passed with the following output:
Change Dir: /Users/Signal/Documents/github/p2p3/target/debug/build/libssh2-sys-5c335ae487a3a8b6/out/build/CMakeFiles/CMakeTmp

Run Build Command:"/usr/bin/make" "cmTC_d70fd/fast"
/Library/Developer/CommandLineTools/usr/bin/make -f CMakeFiles/cmTC_d70fd.dir/build.make CMakeFiles/cmTC_d70fd.dir/build
Building C object CMakeFiles/cmTC_d70fd.dir/CheckFunctionExists.c.o
/usr/bin/cc    -O0 -ffunction-sections -fdata-sections -m64 -fPIC -DCHECK_FUNCTION_EXISTS=select   -o CMakeFiles/cmTC_d70fd.dir/CheckFunctionExists.c.o   -c /usr/local/Cellar/cmake/3.4.0/share/cmake/Modules/CheckFunctionExists.c
Linking C executable cmTC_d70fd
/usr/local/Cellar/cmake/3.4.0/bin/cmake -E cmake_link_script CMakeFiles/cmTC_d70fd.dir/link.txt --verbose=1
/usr/bin/cc   -O0 -ffunction-sections -fdata-sections -m64 -fPIC -DCHECK_FUNCTION_EXISTS=select -Wl,-search_paths_first -Wl,-headerpad_max_install_names   CMakeFiles/cmTC_d70fd.dir/CheckFunctionExists.c.o  -o cmTC_d70fd  


Determining if the function inet_addr exists passed with the following output:
Change Dir: /Users/Signal/Documents/github/p2p3/target/debug/build/libssh2-sys-5c335ae487a3a8b6/out/build/CMakeFiles/CMakeTmp

Run Build Command:"/usr/bin/make" "cmTC_5fbe4/fast"
/Library/Developer/CommandLineTools/usr/bin/make -f CMakeFiles/cmTC_5fbe4.dir/build.make CMakeFiles/cmTC_5fbe4.dir/build
Building C object CMakeFiles/cmTC_5fbe4.dir/CheckFunctionExists.c.o
/usr/bin/cc    -O0 -ffunction-sections -fdata-sections -m64 -fPIC -DCHECK_FUNCTION_EXISTS=inet_addr   -o CMakeFiles/cmTC_5fbe4.dir/CheckFunctionExists.c.o   -c /usr/local/Cellar/cmake/3.4.0/share/cmake/Modules/CheckFunctionExists.c
Linking C executable cmTC_5fbe4
/usr/local/Cellar/cmake/3.4.0/bin/cmake -E cmake_link_script CMakeFiles/cmTC_5fbe4.dir/link.txt --verbose=1
/usr/bin/cc   -O0 -ffunction-sections -fdata-sections -m64 -fPIC -DCHECK_FUNCTION_EXISTS=inet_addr -Wl,-search_paths_first -Wl,-headerpad_max_install_names   CMakeFiles/cmTC_5fbe4.dir/CheckFunctionExists.c.o  -o cmTC_5fbe4  


Performing C SOURCE FILE Test HAVE_O_NONBLOCK succeded with the following output:
Change Dir: /Users/Signal/Documents/github/p2p3/target/debug/build/libssh2-sys-5c335ae487a3a8b6/out/build/CMakeFiles/CMakeTmp

Run Build Command:"/usr/bin/make" "cmTC_6a4ec/fast"
/Library/Developer/CommandLineTools/usr/bin/make -f CMakeFiles/cmTC_6a4ec.dir/build.make CMakeFiles/cmTC_6a4ec.dir/build
Building C object CMakeFiles/cmTC_6a4ec.dir/src.c.o
/usr/bin/cc    -O0 -ffunction-sections -fdata-sections -m64 -fPIC -DHAVE_O_NONBLOCK   -o CMakeFiles/cmTC_6a4ec.dir/src.c.o   -c /Users/Signal/Documents/github/p2p3/target/debug/build/libssh2-sys-5c335ae487a3a8b6/out/build/CMakeFiles/CMakeTmp/src.c
Linking C executable cmTC_6a4ec
/usr/local/Cellar/cmake/3.4.0/bin/cmake -E cmake_link_script CMakeFiles/cmTC_6a4ec.dir/link.txt --verbose=1
/usr/bin/cc   -O0 -ffunction-sections -fdata-sections -m64 -fPIC -DHAVE_O_NONBLOCK -Wl,-search_paths_first -Wl,-headerpad_max_install_names   CMakeFiles/cmTC_6a4ec.dir/src.c.o  -o cmTC_6a4ec  /usr/lib/libssl.dylib /usr/lib/libcrypto.dylib /usr/lib/libz.dylib 

Source file was:

#include <sys/types.h>
#include <unistd.h>
#include <fcntl.h>

#if defined(sun) || defined(__sun__) || defined(__SUNPRO_C) || defined(__SUNPRO_CC)
# if defined(__SVR4) || defined(__srv4__)
#  define PLATFORM_SOLARIS
# else
#  define PLATFORM_SUNOS4
# endif
#endif
#if (defined(_AIX) || defined(__xlC__)) && !defined(_AIX41)
# define PLATFORM_AIX_V3
#endif

#if defined(PLATFORM_SUNOS4) || defined(PLATFORM_AIX_V3) || defined(__BEOS__)
#error "O_NONBLOCK does not work on this platform"
#endif

int main()
{
    int socket;
    int flags = fcntl(socket, F_SETFL, flags | O_NONBLOCK);
}
